Building DAG of jobs...
Using shell: /bin/bash
Provided cores: 2
Rules claiming more threads will be scaled down.
Job counts:
	count	jobs
	1	copy
	1	generate
	2
Select jobs to execute...

[Wed Aug 10 17:59:02 2022]
rule generate:
    output: out.txt
    jobid: 1

[Wed Aug 10 17:59:02 2022]
Finished job 1.
1 of 2 steps (50%) done
Select jobs to execute...

[Wed Aug 10 17:59:02 2022]
rule copy:
    input: out.txt
    output: copy.txt
    jobid: 0

[Wed Aug 10 17:59:02 2022]
Finished job 0.
2 of 2 steps (100%) done
Complete log: /Users/konstantin/Documents/Courses/Calculations/Snakemake/.snakemake/log/2022-08-10T175900.808662.snakemake.log
